[16:13:14] [main/INFO] (FabricLoader) Loading for game Minecraft 1.16.5
[16:13:15] [main/INFO] (Fabric|Loader) [FabricLoader] Loading 48 mods: fabric-networking-blockentity-v0@0.2.8+ca58154a7d, minecraft@1.16.5, fabric-screen-handler-api-v1@1.1.5+9354966b7d, fabric-renderer-api-v1@0.4.2+2868a2287d, fabric-keybindings-v0@0.2.1+ca58154a7d, fabric-command-api-v1@1.1.1+351679a77d, fabricloader@0.11.3, fabric-screen-api-v1@1.0.0+c045166c7d, fabric-tool-attribute-api-v1@1.2.6+ca58154a7d, fabric-renderer-indigo@0.4.4+ca58154a7d, fabric-structure-api-v1@1.1.4+ca58154a7d, moocow@${version}, fabric-containers-v0@0.1.11+9354966b7d, fabric-dimensions-v1@2.0.6+9354966b7d, fabric-object-builder-api-v1@1.9.4+9354966b7d, java@16, fabric-item-api-v1@1.2.1+ca58154a7d, fabric-crash-report-info-v1@0.1.3+ca58154a7d, fabric-events-interaction-v0@0.4.2+ca58154a7d, fabric-game-rule-api-v1@1.0.6+ca58154a7d, fabric-entity-events-v1@1.0.3+ca58154a7d, fabric-api-base@0.2.1+9354966b7d, fabric-rendering-v0@1.1.2+ca58154a7d, fabric-rendering-v1@1.6.0+2868a2287d, fabric-key-binding-api-v1@1.0.4+9354966b7d, fabric-rendering-data-attachment-v1@0.1.5+ca58154a7d, fabric-resource-loader-v0@0.4.6+2868a2287d, fabric-textures-v0@1.0.6+ca58154a7d, fabric-content-registries-v0@0.2.1+ca58154a7d, fabric-tag-extensions-v0@1.1.1+ca58154a7d, fabric-biome-api-v1@3.1.1+ca58154a7d, fabric-rendering-fluids-v1@0.1.13+ca58154a7d, fabric-registry-sync-v0@0.7.4+ca58154a7d, fabric-commands-v0@0.2.2+ca58154a7d, fabric-blockrenderlayer-v1@1.1.5+ca58154a7d, fabric-lifecycle-events-v1@1.2.1+ca58154a7d, fabric-mining-levels-v0@0.1.3+ca58154a7d, fabric-renderer-registries-v1@2.2.1+ca58154a7d, fabric-networking-api-v1@1.0.1+ca58154a7d, fabric-events-lifecycle-v0@0.2.1+ca58154a7d, fabric-loot-tables-v1@1.0.2+ca58154a7d, fabric@0.32.5+1.16, fabric-item-groups-v0@0.2.5+351679a77d, fabric-models-v0@0.2.1+ca58154a7d, fabric-particles-v1@0.2.4+ca58154a7d, fabric-object-builders-v0@0.7.2+ca58154a7d, fabric-networking-v0@0.3.2+ca58154a7d, fabric-api-lookup-api-v1@1.0.0+dc716ea17d
[16:13:15] [main/WARN] (Fabric|Loader) Mod `moocow` (${version}) does not respect SemVer - comparison support is limited.
[16:13:15] [main/INFO] (mixin) SpongePowered MIXIN Subsystem Version=0.8.2 Source=file:/Users/khull33569/.gradle/caches/modules-2/files-2.1/net.fabricmc/sponge-mixin/0.9.2+mixin.0.8.2/12c437eebf031967eaa7daad861e115932772cc7/sponge-mixin-0.9.2+mixin.0.8.2.jar Service=Knot/Fabric Env=CLIENT
[16:13:15] [main/INFO] (Fabric|MixinBootstrap) Loaded Fabric development mappings for mixin remapper!
[16:13:15] [main/INFO] (mixin) Remapping refMap fabric-networking-blockentity-v0-refmap.json using remapper chain
[16:13:15] [main/INFO] (mixin) Remapping refMap fabric-screen-handler-api-v1-refmap.json using remapper chain
[16:13:15] [main/INFO] (mixin) Remapping refMap fabric-lifecycle-events-v1-refmap.json using remapper chain
[16:13:15] [main/INFO] (mixin) Remapping refMap fabric-containers-v0-refmap.json using remapper chain
[16:13:15] [main/INFO] (mixin) Remapping refMap fabric-renderer-indigo-refmap.json using remapper chain
[16:13:15] [main/INFO] (mixin) Remapping refMap fabric-rendering-data-attachment-v1-refmap.json using remapper chain
[16:13:15] [main/INFO] (mixin) Remapping refMap fabric-structure-api-v1-refmap.json using remapper chain
[16:13:15] [main/INFO] (mixin) Remapping refMap fabric-item-api-v1-refmap.json using remapper chain
[16:13:15] [main/INFO] (mixin) Remapping refMap fabric-events-interaction-v0-refmap.json using remapper chain
[16:13:15] [main/INFO] (mixin) Remapping refMap fabric-loot-tables-v1-refmap.json using remapper chain
[16:13:15] [main/INFO] (mixin) Remapping refMap fabric-object-builder-api-v1-refmap.json using remapper chain
[16:13:15] [main/INFO] (mixin) Remapping refMap fabric-screen-api-v1-refmap.json using remapper chain
[16:13:15] [main/INFO] (mixin) Remapping refMap fabric-dimensions-v1-refmap.json using remapper chain
[16:13:15] [main/INFO] (mixin) Remapping refMap fabric-renderer-registries-v1-refmap.json using remapper chain
[16:13:15] [main/INFO] (mixin) Remapping refMap fabric-textures-v0-refmap.json using remapper chain
[16:13:15] [main/INFO] (mixin) Remapping refMap fabric-registry-sync-v0-refmap.json using remapper chain
[16:13:15] [main/INFO] (mixin) Remapping refMap fabric-models-v0-refmap.json using remapper chain
[16:13:15] [main/INFO] (mixin) Remapping refMap fabric-blockrenderlayer-v1-refmap.json using remapper chain
[16:13:15] [main/INFO] (mixin) Remapping refMap fabric-renderer-api-v1-refmap.json using remapper chain
[16:13:15] [main/INFO] (mixin) Remapping refMap fabric-containers-v0-refmap.json using remapper chain
[16:13:15] [main/INFO] (mixin) Remapping refMap fabric-rendering-fluids-v1-refmap.json using remapper chain
[16:13:15] [main/INFO] (mixin) Remapping refMap fabric-biome-api-v1-refmap.json using remapper chain
[16:13:15] [main/INFO] (mixin) Remapping refMap fabric-resource-loader-v0-refmap.json using remapper chain
[16:13:15] [main/INFO] (mixin) Remapping refMap fabric-game-rule-api-v1-refmap.json using remapper chain
[16:13:15] [main/INFO] (mixin) Remapping refMap fabric-networking-api-v1-refmap.json using remapper chain
[16:13:15] [main/INFO] (mixin) Remapping refMap fabric-particles-v1-refmap.json using remapper chain
[16:13:15] [main/INFO] (mixin) Remapping refMap fabric-object-builders-refmap.json using remapper chain
[16:13:15] [main/INFO] (mixin) Remapping refMap fabric-tag-extensions-v0-refmap.json using remapper chain
[16:13:15] [main/INFO] (mixin) Remapping refMap fabric-tool-attribute-api-v1-refmap.json using remapper chain
[16:13:15] [main/INFO] (mixin) Remapping refMap fabric-rendering-v1-refmap.json using remapper chain
[16:13:15] [main/INFO] (mixin) Remapping refMap fabric-item-groups-v0-refmap.json using remapper chain
[16:13:15] [main/INFO] (mixin) Remapping refMap fabric-content-registries-v0-refmap.json using remapper chain
[16:13:15] [main/INFO] (mixin) Remapping refMap fabric-command-api-v1-refmap.json using remapper chain
[16:13:15] [main/INFO] (mixin) Remapping refMap fabric-crash-report-info-v1-refmap.json using remapper chain
[16:13:15] [main/INFO] (mixin) Remapping refMap fabric-api-lookup-api-v1-refmap.json using remapper chain
[16:13:15] [main/INFO] (mixin) Remapping refMap fabric-entity-events-v1-refmap.json using remapper chain
[16:13:15] [main/INFO] (mixin) Remapping refMap fabric-key-binding-api-v1-refmap.json using remapper chain
[16:13:15] [main/INFO] (mixin) Remapping refMap fabric-renderer-api-v1-refmap.json using remapper chain
[16:13:16] [main/WARN] (mixin) @Mixin target net/minecraft/client/render/block/BlockModelRenderer$AmbientOcclusionCalculator is public in fabric-renderer-indigo.mixins.json:MixinAmbientOcclusionCalculator and should be specified in value
[16:13:16] [main/WARN] (mixin) @Mixin target net/minecraft/client/render/chunk/ChunkBuilder$BuiltChunk$RebuildTask is public in fabric-renderer-indigo.mixins.json:MixinChunkRebuildTask and should be specified in value
[16:13:16] [main/WARN] (mixin) @Mixin target net/minecraft/village/TradeOffers$TypeAwareBuyForOneEmeraldFactory is public in fabric-object-builder-v1.mixins.json:TypeAwareTradeMixin and should be specified in value
[16:13:16] [main/WARN] (mixin) @Mixin target net/minecraft/client/font/FontManager$1 is public in fabric-resource-loader-v0.mixins.json:client.FontManagerResourceReloadListenerMixin and should be specified in value
[16:13:16] [main/WARN] (mixin) @Mixin target net/minecraft/server/command/GameRuleCommand$1 is public in fabric-game-rule-api-v1.mixins.json:GameRuleCommandVisitorMixin and should be specified in value
[16:13:16] [main/WARN] (mixin) @Mixin target net/minecraft/client/gui/screen/world/EditGameRulesScreen$RuleListWidget$1 is public in fabric-game-rule-api-v1.mixins.json:client.RuleListWidgetVisitorMixin and should be specified in value
[16:13:16] [main/WARN] (mixin) @Mixin target net/minecraft/server/world/ThreadedAnvilChunkStorage$EntityTracker is public in fabric-networking-api-v1.mixins.json:accessor.EntityTrackerAccessor and should be specified in value
[16:13:16] [main/WARN] (mixin) @Mixin target net/minecraft/client/particle/ParticleManager$SimpleSpriteProvider is public in fabric-particles-v1.mixins.json:ParticleManagerAccessor$SimpleSpriteProviderAccessor and should be specified in value
[16:13:16] [main/WARN] (mixin) @Mixin target net/minecraft/tag/Tag$1 is public in fabric-tag-extensions-v0.mixins.json:MixinTagImpl and should be specified in value
[16:13:16] [main/WARN] (mixin) @Mixin target net/minecraft/tag/RequiredTagList$TagWrapper is public in fabric-tag-extensions-v0.mixins.json:MixinTagImpl and should be specified in value
[16:13:23] [main/INFO] (Minecraft) Environment: authHost='https://authserver.mojang.com', accountsHost='https://api.mojang.com', sessionHost='https://sessionserver.mojang.com', servicesHost='https://api.minecraftservices.com', name='PROD'
[16:13:26] [main/ERROR] (Minecraft) Failed to verify authentication
com.mojang.authlib.exceptions.AuthenticationUnavailableException: null
	at com.mojang.authlib.yggdrasil.YggdrasilSocialInteractionsService.checkPrivileges(YggdrasilSocialInteractionsService.java:97) ~[authlib-2.1.28.jar:?]
	at com.mojang.authlib.yggdrasil.YggdrasilSocialInteractionsService.<init>(YggdrasilSocialInteractionsService.java:40) ~[authlib-2.1.28.jar:?]
	at com.mojang.authlib.yggdrasil.YggdrasilAuthenticationService.createSocialInteractionsService(YggdrasilAuthenticationService.java:152) ~[authlib-2.1.28.jar:?]
	at net.minecraft.client.MinecraftClient.method_31382(MinecraftClient.java:563) [minecraft-1.16.5-mapped-net.fabricmc.yarn-1.16.5+build.6-v2.jar:?]
	at net.minecraft.client.MinecraftClient.<init>(MinecraftClient.java:398) [minecraft-1.16.5-mapped-net.fabricmc.yarn-1.16.5+build.6-v2.jar:?]
	at net.minecraft.client.main.Main.main(Main.java:149) [minecraft-1.16.5-mapped-net.fabricmc.yarn-1.16.5+build.6-v2.jar:?]
	at jdk.internal.reflect.NativeMethodAccessorImpl.invoke0(Native Method) ~[?:?]
	at jdk.internal.reflect.NativeMethodAccessorImpl.invoke(NativeMethodAccessorImpl.java:78) ~[?:?]
	at jdk.internal.reflect.DelegatingMethodAccessorImpl.invoke(DelegatingMethodAccessorImpl.java:43) ~[?:?]
	at java.lang.reflect.Method.invoke(Method.java:567) ~[?:?]
	at net.fabricmc.loader.game.MinecraftGameProvider.launch(MinecraftGameProvider.java:226) [fabric-loader-0.11.3.jar:?]
	at net.fabricmc.loader.launch.knot.Knot.launch(Knot.java:146) [fabric-loader-0.11.3.jar:?]
	at net.fabricmc.loader.launch.knot.KnotClient.main(KnotClient.java:28) [fabric-loader-0.11.3.jar:?]
	at net.fabricmc.devlaunchinjector.Main.main(Main.java:86) [dev-launch-injector-0.2.1+build.8.jar:?]
[16:13:26] [main/INFO] (Minecraft) Setting user: Player455
[16:13:26] [main/INFO] (Indigo) [Indigo] Registering Indigo renderer!
[16:13:27] [main/INFO] (Minecraft) Backend library: LWJGL version 3.2.1 build 12
[16:13:30] [main/INFO] (Minecraft) [STDOUT]: This line is printed by an example mod mixin!
[16:13:30] [main/INFO] (Minecraft) Reloading ResourceManager: Default, Fabric Mods (Fabric Networking Block Entity (v0), Fabric Screen Handler API (v1), Fabric Renderer API (v1), Fabric Key Bindings (v0), Fabric Command API (v1), Fabric Loader, Fabric Screen API (v1), Fabric Tool Attribute API (v1), Fabric Renderer - Indigo, Fabric Structure API (v1), MOO MOD, Fabric Containers (v0), Fabric Object Builder API (v1), Fabric Item API (v1), Fabric Crash Report Info (v1), Fabric Events Interaction (v0), Fabric Game Rule API (v1), Fabric Entity Events (v1), Fabric API Base, Fabric Rendering (v0), Fabric Rendering (v1), Fabric Key Binding API (v1), Fabric Rendering Data Attachment (v1), Fabric Resource Loader (v0), Fabric Textures (v0), Fabric Content Registries (v0), Fabric Tag Extensions (v0), Fabric Biome API (v1), Fabric Rendering Fluids (v1), Fabric Registry Sync (v0), Fabric Commands (v0), Fabric BlockRenderLayer Registration (v1), Fabric Lifecycle Events (v1), Fabric Mining Levels (v0), Fabric Renderer Registries (v1), Fabric Networking API (v1), Fabric Events Lifecycle (v0), Fabric Loot Tables (v1), Fabric API, Fabric Item Groups (v0), Fabric Models (v0), Fabric Particles (v1), Fabric Object Builders (v0), Fabric Networking (v0), Fabric API Lookup API (v1))
[16:13:32] [Realms Notification Availability checker #1/INFO] (Minecraft) Could not authorize you against Realms server: Invalid session id
[16:13:37] [main/INFO] (Minecraft) [STDOUT]: This line is printed by an example mod mixin!
[16:13:50] [main/INFO] (Minecraft) OpenAL initialized.
[16:13:50] [main/INFO] (Minecraft) Sound engine started
[16:13:51] [main/INFO] (Minecraft) Created: 1024x1024x4 minecraft:textures/atlas/blocks.png-atlas
[16:13:51] [main/INFO] (Minecraft) Created: 256x128x4 minecraft:textures/atlas/signs.png-atlas
[16:13:51] [main/INFO] (Minecraft) Created: 1024x512x4 minecraft:textures/atlas/banner_patterns.png-atlas
[16:13:51] [main/INFO] (Minecraft) Created: 1024x512x4 minecraft:textures/atlas/shield_patterns.png-atlas
[16:13:51] [main/INFO] (Minecraft) Created: 256x256x4 minecraft:textures/atlas/chest.png-atlas
[16:13:51] [main/INFO] (Minecraft) Created: 512x256x4 minecraft:textures/atlas/beds.png-atlas
[16:13:51] [main/INFO] (Minecraft) Created: 512x256x4 minecraft:textures/atlas/shulker_boxes.png-atlas
[16:13:53] [main/INFO] (Minecraft) Created: 256x256x0 minecraft:textures/atlas/particles.png-atlas
[16:13:53] [main/INFO] (Minecraft) Created: 256x256x0 minecraft:textures/atlas/paintings.png-atlas
[16:13:53] [main/INFO] (Minecraft) Created: 256x128x0 minecraft:textures/atlas/mob_effects.png-atlas
[16:13:53] [main/INFO] (Minecraft) [STDOUT]: This line is printed by an example mod mixin!
[16:14:03] [main/WARN] (Minecraft) Ambiguity between arguments [teleport, destination] and [teleport, targets] with inputs: [Player, 0123, @e, dd12be42-52a9-4a91-a8a1-11c01849e498]
[16:14:03] [main/WARN] (Minecraft) Ambiguity between arguments [teleport, location] and [teleport, destination] with inputs: [0.1 -0.5 .9, 0 0 0]
[16:14:03] [main/WARN] (Minecraft) Ambiguity between arguments [teleport, location] and [teleport, targets] with inputs: [0.1 -0.5 .9, 0 0 0]
[16:14:03] [main/WARN] (Minecraft) Ambiguity between arguments [teleport, targets] and [teleport, destination] with inputs: [Player, 0123, dd12be42-52a9-4a91-a8a1-11c01849e498]
[16:14:03] [main/WARN] (Minecraft) Ambiguity between arguments [teleport, targets, location] and [teleport, targets, destination] with inputs: [0.1 -0.5 .9, 0 0 0]
[16:14:03] [main/INFO] (Minecraft) Reloading ResourceManager: Default, Fabric Mods (Fabric Tool Attribute API (v1), MOO MOD)
[16:14:06] [main/ERROR] (Minecraft) Parsing error loading recipe modded:vibranium_chestplate
com.google.gson.JsonSyntaxException: Unknown item 'modded:vibranium_ingot'
	at net.minecraft.recipe.Ingredient.method_17873(Ingredient.java:195) ~[minecraft-1.16.5-mapped-net.fabricmc.yarn-1.16.5+build.6-v2.jar:?]
	at java.util.Optional.orElseThrow(Optional.java:403) ~[?:?]
	at net.minecraft.recipe.Ingredient.entryFromJson(Ingredient.java:195) ~[minecraft-1.16.5-mapped-net.fabricmc.yarn-1.16.5+build.6-v2.jar:?]
	at net.minecraft.recipe.Ingredient.fromJson(Ingredient.java:170) ~[minecraft-1.16.5-mapped-net.fabricmc.yarn-1.16.5+build.6-v2.jar:?]
	at net.minecraft.recipe.ShapedRecipe.getComponents(ShapedRecipe.java:236) ~[minecraft-1.16.5-mapped-net.fabricmc.yarn-1.16.5+build.6-v2.jar:?]
	at net.minecraft.recipe.ShapedRecipe.method_8159(ShapedRecipe.java:36) ~[minecraft-1.16.5-mapped-net.fabricmc.yarn-1.16.5+build.6-v2.jar:?]
	at net.minecraft.recipe.ShapedRecipe$Serializer.read(ShapedRecipe.java:259) ~[minecraft-1.16.5-mapped-net.fabricmc.yarn-1.16.5+build.6-v2.jar:?]
	at net.minecraft.recipe.ShapedRecipe$Serializer.read(ShapedRecipe.java:258) ~[minecraft-1.16.5-mapped-net.fabricmc.yarn-1.16.5+build.6-v2.jar:?]
	at net.minecraft.recipe.RecipeManager.deserialize(RecipeManager.java:137) ~[minecraft-1.16.5-mapped-net.fabricmc.yarn-1.16.5+build.6-v2.jar:?]
	at net.minecraft.recipe.RecipeManager.apply(RecipeManager.java:59) ~[minecraft-1.16.5-mapped-net.fabricmc.yarn-1.16.5+build.6-v2.jar:?]
	at net.minecraft.recipe.RecipeManager.apply(RecipeManager.java:46) ~[minecraft-1.16.5-mapped-net.fabricmc.yarn-1.16.5+build.6-v2.jar:?]
	at net.minecraft.resource.SinglePreparationResourceReloadListener.method_18790(SinglePreparationResourceReloadListener.java:13) ~[minecraft-1.16.5-mapped-net.fabricmc.yarn-1.16.5+build.6-v2.jar:?]
	at java.util.concurrent.CompletableFuture$UniAccept.tryFire(CompletableFuture.java:714) ~[?:?]
	at java.util.concurrent.CompletableFuture$Completion.run(CompletableFuture.java:478) ~[?:?]
	at net.minecraft.resource.ResourceReloader.method_18365(ResourceReloader.java:69) ~[minecraft-1.16.5-mapped-net.fabricmc.yarn-1.16.5+build.6-v2.jar:?]
	at net.minecraft.util.thread.ThreadExecutor.executeTask(ThreadExecutor.java:136) ~[minecraft-1.16.5-mapped-net.fabricmc.yarn-1.16.5+build.6-v2.jar:?]
	at net.minecraft.util.thread.ReentrantThreadExecutor.executeTask(ReentrantThreadExecutor.java:22) ~[minecraft-1.16.5-mapped-net.fabricmc.yarn-1.16.5+build.6-v2.jar:?]
	at net.minecraft.util.thread.ThreadExecutor.runTask(ThreadExecutor.java:109) ~[minecraft-1.16.5-mapped-net.fabricmc.yarn-1.16.5+build.6-v2.jar:?]
	at net.minecraft.util.thread.ThreadExecutor.runTasks(ThreadExecutor.java:119) ~[minecraft-1.16.5-mapped-net.fabricmc.yarn-1.16.5+build.6-v2.jar:?]
	at net.minecraft.client.MinecraftClient.method_29604(MinecraftClient.java:1895) ~[minecraft-1.16.5-mapped-net.fabricmc.yarn-1.16.5+build.6-v2.jar:?]
	at net.minecraft.client.MinecraftClient.startIntegratedServer(MinecraftClient.java:1730) ~[minecraft-1.16.5-mapped-net.fabricmc.yarn-1.16.5+build.6-v2.jar:?]
	at net.minecraft.client.MinecraftClient.startIntegratedServer(MinecraftClient.java:1698) ~[minecraft-1.16.5-mapped-net.fabricmc.yarn-1.16.5+build.6-v2.jar:?]
	at net.minecraft.client.gui.screen.world.WorldListWidget$Entry.start(WorldListWidget.java:477) ~[minecraft-1.16.5-mapped-net.fabricmc.yarn-1.16.5+build.6-v2.jar:?]
	at net.minecraft.client.gui.screen.world.WorldListWidget$Entry.play(WorldListWidget.java:326) ~[minecraft-1.16.5-mapped-net.fabricmc.yarn-1.16.5+build.6-v2.jar:?]
	at net.minecraft.client.gui.screen.world.WorldListWidget$Entry.mouseClicked(WorldListWidget.java:257) ~[minecraft-1.16.5-mapped-net.fabricmc.yarn-1.16.5+build.6-v2.jar:?]
	at net.minecraft.client.gui.widget.EntryListWidget.mouseClicked(EntryListWidget.java:310) ~[minecraft-1.16.5-mapped-net.fabricmc.yarn-1.16.5+build.6-v2.jar:?]
	at net.minecraft.client.gui.ParentElement.mouseClicked(ParentElement.java:49) ~[minecraft-1.16.5-mapped-net.fabricmc.yarn-1.16.5+build.6-v2.jar:?]
	at net.minecraft.client.Mouse.method_1611(Mouse.java:85) ~[minecraft-1.16.5-mapped-net.fabricmc.yarn-1.16.5+build.6-v2.jar:?]
	at net.minecraft.client.gui.screen.Screen.wrapScreenError(Screen.java:448) ~[minecraft-1.16.5-mapped-net.fabricmc.yarn-1.16.5+build.6-v2.jar:?]
	at net.minecraft.client.Mouse.onMouseButton(Mouse.java:85) ~[minecraft-1.16.5-mapped-net.fabricmc.yarn-1.16.5+build.6-v2.jar:?]
	at net.minecraft.client.Mouse.method_22686(Mouse.java:172) ~[minecraft-1.16.5-mapped-net.fabricmc.yarn-1.16.5+build.6-v2.jar:?]
	at net.minecraft.util.thread.ThreadExecutor.execute(ThreadExecutor.java:86) ~[minecraft-1.16.5-mapped-net.fabricmc.yarn-1.16.5+build.6-v2.jar:?]
	at net.minecraft.client.Mouse.method_22684(Mouse.java:172) ~[minecraft-1.16.5-mapped-net.fabricmc.yarn-1.16.5+build.6-v2.jar:?]
	at org.lwjgl.glfw.GLFWMouseButtonCallbackI.callback(GLFWMouseButtonCallbackI.java:36) [lwjgl-glfw-3.2.1.jar:build 12]
	at org.lwjgl.system.JNI.invokeV(Native Method) ~[lwjgl-3.2.1.jar:build 12]
	at org.lwjgl.glfw.GLFW.glfwPollEvents(GLFW.java:3050) [lwjgl-glfw-3.2.1.jar:build 12]
	at com.mojang.blaze3d.systems.RenderSystem.flipFrame(RenderSystem.java:89) [minecraft-1.16.5-mapped-net.fabricmc.yarn-1.16.5+build.6-v2.jar:?]
	at net.minecraft.client.util.Window.swapBuffers(Window.java:339) [minecraft-1.16.5-mapped-net.fabricmc.yarn-1.16.5+build.6-v2.jar:?]
	at net.minecraft.client.MinecraftClient.render(MinecraftClient.java:1026) [minecraft-1.16.5-mapped-net.fabricmc.yarn-1.16.5+build.6-v2.jar:?]
	at net.minecraft.client.MinecraftClient.run(MinecraftClient.java:624) [minecraft-1.16.5-mapped-net.fabricmc.yarn-1.16.5+build.6-v2.jar:?]
	at net.minecraft.client.main.Main.main(Main.java:187) [minecraft-1.16.5-mapped-net.fabricmc.yarn-1.16.5+build.6-v2.jar:?]
	at jdk.internal.reflect.NativeMethodAccessorImpl.invoke0(Native Method) ~[?:?]
	at jdk.internal.reflect.NativeMethodAccessorImpl.invoke(NativeMethodAccessorImpl.java:78) ~[?:?]
	at jdk.internal.reflect.DelegatingMethodAccessorImpl.invoke(DelegatingMethodAccessorImpl.java:43) ~[?:?]
	at java.lang.reflect.Method.invoke(Method.java:567) ~[?:?]
	at net.fabricmc.loader.game.MinecraftGameProvider.launch(MinecraftGameProvider.java:226) [fabric-loader-0.11.3.jar:?]
	at net.fabricmc.loader.launch.knot.Knot.launch(Knot.java:146) [fabric-loader-0.11.3.jar:?]
	at net.fabricmc.loader.launch.knot.KnotClient.main(KnotClient.java:28) [fabric-loader-0.11.3.jar:?]
	at net.fabricmc.devlaunchinjector.Main.main(Main.java:86) [dev-launch-injector-0.2.1+build.8.jar:?]
[16:14:06] [main/ERROR] (Minecraft) Parsing error loading recipe modded:vibranium_leggings
com.google.gson.JsonSyntaxException: Unknown item 'modded:vibranium_ingot'
	at net.minecraft.recipe.Ingredient.method_17873(Ingredient.java:195) ~[minecraft-1.16.5-mapped-net.fabricmc.yarn-1.16.5+build.6-v2.jar:?]
	at java.util.Optional.orElseThrow(Optional.java:403) ~[?:?]
	at net.minecraft.recipe.Ingredient.entryFromJson(Ingredient.java:195) ~[minecraft-1.16.5-mapped-net.fabricmc.yarn-1.16.5+build.6-v2.jar:?]
	at net.minecraft.recipe.Ingredient.fromJson(Ingredient.java:170) ~[minecraft-1.16.5-mapped-net.fabricmc.yarn-1.16.5+build.6-v2.jar:?]
	at net.minecraft.recipe.ShapedRecipe.getComponents(ShapedRecipe.java:236) ~[minecraft-1.16.5-mapped-net.fabricmc.yarn-1.16.5+build.6-v2.jar:?]
	at net.minecraft.recipe.ShapedRecipe.method_8159(ShapedRecipe.java:36) ~[minecraft-1.16.5-mapped-net.fabricmc.yarn-1.16.5+build.6-v2.jar:?]
	at net.minecraft.recipe.ShapedRecipe$Serializer.read(ShapedRecipe.java:259) ~[minecraft-1.16.5-mapped-net.fabricmc.yarn-1.16.5+build.6-v2.jar:?]
	at net.minecraft.recipe.ShapedRecipe$Serializer.read(ShapedRecipe.java:258) ~[minecraft-1.16.5-mapped-net.fabricmc.yarn-1.16.5+build.6-v2.jar:?]
	at net.minecraft.recipe.RecipeManager.deserialize(RecipeManager.java:137) ~[minecraft-1.16.5-mapped-net.fabricmc.yarn-1.16.5+build.6-v2.jar:?]
	at net.minecraft.recipe.RecipeManager.apply(RecipeManager.java:59) ~[minecraft-1.16.5-mapped-net.fabricmc.yarn-1.16.5+build.6-v2.jar:?]
	at net.minecraft.recipe.RecipeManager.apply(RecipeManager.java:46) ~[minecraft-1.16.5-mapped-net.fabricmc.yarn-1.16.5+build.6-v2.jar:?]
	at net.minecraft.resource.SinglePreparationResourceReloadListener.method_18790(SinglePreparationResourceReloadListener.java:13) ~[minecraft-1.16.5-mapped-net.fabricmc.yarn-1.16.5+build.6-v2.jar:?]
	at java.util.concurrent.CompletableFuture$UniAccept.tryFire(CompletableFuture.java:714) ~[?:?]
	at java.util.concurrent.CompletableFuture$Completion.run(CompletableFuture.java:478) ~[?:?]
	at net.minecraft.resource.ResourceReloader.method_18365(ResourceReloader.java:69) ~[minecraft-1.16.5-mapped-net.fabricmc.yarn-1.16.5+build.6-v2.jar:?]
	at net.minecraft.util.thread.ThreadExecutor.executeTask(ThreadExecutor.java:136) ~[minecraft-1.16.5-mapped-net.fabricmc.yarn-1.16.5+build.6-v2.jar:?]
	at net.minecraft.util.thread.ReentrantThreadExecutor.executeTask(ReentrantThreadExecutor.java:22) ~[minecraft-1.16.5-mapped-net.fabricmc.yarn-1.16.5+build.6-v2.jar:?]
	at net.minecraft.util.thread.ThreadExecutor.runTask(ThreadExecutor.java:109) ~[minecraft-1.16.5-mapped-net.fabricmc.yarn-1.16.5+build.6-v2.jar:?]
	at net.minecraft.util.thread.ThreadExecutor.runTasks(ThreadExecutor.java:119) ~[minecraft-1.16.5-mapped-net.fabricmc.yarn-1.16.5+build.6-v2.jar:?]
	at net.minecraft.client.MinecraftClient.method_29604(MinecraftClient.java:1895) ~[minecraft-1.16.5-mapped-net.fabricmc.yarn-1.16.5+build.6-v2.jar:?]
	at net.minecraft.client.MinecraftClient.startIntegratedServer(MinecraftClient.java:1730) ~[minecraft-1.16.5-mapped-net.fabricmc.yarn-1.16.5+build.6-v2.jar:?]
	at net.minecraft.client.MinecraftClient.startIntegratedServer(MinecraftClient.java:1698) ~[minecraft-1.16.5-mapped-net.fabricmc.yarn-1.16.5+build.6-v2.jar:?]
	at net.minecraft.client.gui.screen.world.WorldListWidget$Entry.start(WorldListWidget.java:477) ~[minecraft-1.16.5-mapped-net.fabricmc.yarn-1.16.5+build.6-v2.jar:?]
	at net.minecraft.client.gui.screen.world.WorldListWidget$Entry.play(WorldListWidget.java:326) ~[minecraft-1.16.5-mapped-net.fabricmc.yarn-1.16.5+build.6-v2.jar:?]
	at net.minecraft.client.gui.screen.world.WorldListWidget$Entry.mouseClicked(WorldListWidget.java:257) ~[minecraft-1.16.5-mapped-net.fabricmc.yarn-1.16.5+build.6-v2.jar:?]
	at net.minecraft.client.gui.widget.EntryListWidget.mouseClicked(EntryListWidget.java:310) ~[minecraft-1.16.5-mapped-net.fabricmc.yarn-1.16.5+build.6-v2.jar:?]
	at net.minecraft.client.gui.ParentElement.mouseClicked(ParentElement.java:49) ~[minecraft-1.16.5-mapped-net.fabricmc.yarn-1.16.5+build.6-v2.jar:?]
	at net.minecraft.client.Mouse.method_1611(Mouse.java:85) ~[minecraft-1.16.5-mapped-net.fabricmc.yarn-1.16.5+build.6-v2.jar:?]
	at net.minecraft.client.gui.screen.Screen.wrapScreenError(Screen.java:448) ~[minecraft-1.16.5-mapped-net.fabricmc.yarn-1.16.5+build.6-v2.jar:?]
	at net.minecraft.client.Mouse.onMouseButton(Mouse.java:85) ~[minecraft-1.16.5-mapped-net.fabricmc.yarn-1.16.5+build.6-v2.jar:?]
	at net.minecraft.client.Mouse.method_22686(Mouse.java:172) ~[minecraft-1.16.5-mapped-net.fabricmc.yarn-1.16.5+build.6-v2.jar:?]
	at net.minecraft.util.thread.ThreadExecutor.execute(ThreadExecutor.java:86) ~[minecraft-1.16.5-mapped-net.fabricmc.yarn-1.16.5+build.6-v2.jar:?]
	at net.minecraft.client.Mouse.method_22684(Mouse.java:172) ~[minecraft-1.16.5-mapped-net.fabricmc.yarn-1.16.5+build.6-v2.jar:?]
	at org.lwjgl.glfw.GLFWMouseButtonCallbackI.callback(GLFWMouseButtonCallbackI.java:36) [lwjgl-glfw-3.2.1.jar:build 12]
	at org.lwjgl.system.JNI.invokeV(Native Method) ~[lwjgl-3.2.1.jar:build 12]
	at org.lwjgl.glfw.GLFW.glfwPollEvents(GLFW.java:3050) [lwjgl-glfw-3.2.1.jar:build 12]
	at com.mojang.blaze3d.systems.RenderSystem.flipFrame(RenderSystem.java:89) [minecraft-1.16.5-mapped-net.fabricmc.yarn-1.16.5+build.6-v2.jar:?]
	at net.minecraft.client.util.Window.swapBuffers(Window.java:339) [minecraft-1.16.5-mapped-net.fabricmc.yarn-1.16.5+build.6-v2.jar:?]
	at net.minecraft.client.MinecraftClient.render(MinecraftClient.java:1026) [minecraft-1.16.5-mapped-net.fabricmc.yarn-1.16.5+build.6-v2.jar:?]
	at net.minecraft.client.MinecraftClient.run(MinecraftClient.java:624) [minecraft-1.16.5-mapped-net.fabricmc.yarn-1.16.5+build.6-v2.jar:?]
	at net.minecraft.client.main.Main.main(Main.java:187) [minecraft-1.16.5-mapped-net.fabricmc.yarn-1.16.5+build.6-v2.jar:?]
	at jdk.internal.reflect.NativeMethodAccessorImpl.invoke0(Native Method) ~[?:?]
	at jdk.internal.reflect.NativeMethodAccessorImpl.invoke(NativeMethodAccessorImpl.java:78) ~[?:?]
	at jdk.internal.reflect.DelegatingMethodAccessorImpl.invoke(DelegatingMethodAccessorImpl.java:43) ~[?:?]
	at java.lang.reflect.Method.invoke(Method.java:567) ~[?:?]
	at net.fabricmc.loader.game.MinecraftGameProvider.launch(MinecraftGameProvider.java:226) [fabric-loader-0.11.3.jar:?]
	at net.fabricmc.loader.launch.knot.Knot.launch(Knot.java:146) [fabric-loader-0.11.3.jar:?]
	at net.fabricmc.loader.launch.knot.KnotClient.main(KnotClient.java:28) [fabric-loader-0.11.3.jar:?]
	at net.fabricmc.devlaunchinjector.Main.main(Main.java:86) [dev-launch-injector-0.2.1+build.8.jar:?]
[16:14:06] [main/ERROR] (Minecraft) Parsing error loading recipe modded:vibranium_boots
com.google.gson.JsonSyntaxException: Unknown item 'modded:vibranium_ingot'
	at net.minecraft.recipe.Ingredient.method_17873(Ingredient.java:195) ~[minecraft-1.16.5-mapped-net.fabricmc.yarn-1.16.5+build.6-v2.jar:?]
	at java.util.Optional.orElseThrow(Optional.java:403) ~[?:?]
	at net.minecraft.recipe.Ingredient.entryFromJson(Ingredient.java:195) ~[minecraft-1.16.5-mapped-net.fabricmc.yarn-1.16.5+build.6-v2.jar:?]
	at net.minecraft.recipe.Ingredient.fromJson(Ingredient.java:170) ~[minecraft-1.16.5-mapped-net.fabricmc.yarn-1.16.5+build.6-v2.jar:?]
	at net.minecraft.recipe.ShapedRecipe.getComponents(ShapedRecipe.java:236) ~[minecraft-1.16.5-mapped-net.fabricmc.yarn-1.16.5+build.6-v2.jar:?]
	at net.minecraft.recipe.ShapedRecipe.method_8159(ShapedRecipe.java:36) ~[minecraft-1.16.5-mapped-net.fabricmc.yarn-1.16.5+build.6-v2.jar:?]
	at net.minecraft.recipe.ShapedRecipe$Serializer.read(ShapedRecipe.java:259) ~[minecraft-1.16.5-mapped-net.fabricmc.yarn-1.16.5+build.6-v2.jar:?]
	at net.minecraft.recipe.ShapedRecipe$Serializer.read(ShapedRecipe.java:258) ~[minecraft-1.16.5-mapped-net.fabricmc.yarn-1.16.5+build.6-v2.jar:?]
	at net.minecraft.recipe.RecipeManager.deserialize(RecipeManager.java:137) ~[minecraft-1.16.5-mapped-net.fabricmc.yarn-1.16.5+build.6-v2.jar:?]
	at net.minecraft.recipe.RecipeManager.apply(RecipeManager.java:59) ~[minecraft-1.16.5-mapped-net.fabricmc.yarn-1.16.5+build.6-v2.jar:?]
	at net.minecraft.recipe.RecipeManager.apply(RecipeManager.java:46) ~[minecraft-1.16.5-mapped-net.fabricmc.yarn-1.16.5+build.6-v2.jar:?]
	at net.minecraft.resource.SinglePreparationResourceReloadListener.method_18790(SinglePreparationResourceReloadListener.java:13) ~[minecraft-1.16.5-mapped-net.fabricmc.yarn-1.16.5+build.6-v2.jar:?]
	at java.util.concurrent.CompletableFuture$UniAccept.tryFire(CompletableFuture.java:714) ~[?:?]
	at java.util.concurrent.CompletableFuture$Completion.run(CompletableFuture.java:478) ~[?:?]
	at net.minecraft.resource.ResourceReloader.method_18365(ResourceReloader.java:69) ~[minecraft-1.16.5-mapped-net.fabricmc.yarn-1.16.5+build.6-v2.jar:?]
	at net.minecraft.util.thread.ThreadExecutor.executeTask(ThreadExecutor.java:136) ~[minecraft-1.16.5-mapped-net.fabricmc.yarn-1.16.5+build.6-v2.jar:?]
	at net.minecraft.util.thread.ReentrantThreadExecutor.executeTask(ReentrantThreadExecutor.java:22) ~[minecraft-1.16.5-mapped-net.fabricmc.yarn-1.16.5+build.6-v2.jar:?]
	at net.minecraft.util.thread.ThreadExecutor.runTask(ThreadExecutor.java:109) ~[minecraft-1.16.5-mapped-net.fabricmc.yarn-1.16.5+build.6-v2.jar:?]
	at net.minecraft.util.thread.ThreadExecutor.runTasks(ThreadExecutor.java:119) ~[minecraft-1.16.5-mapped-net.fabricmc.yarn-1.16.5+build.6-v2.jar:?]
	at net.minecraft.client.MinecraftClient.method_29604(MinecraftClient.java:1895) ~[minecraft-1.16.5-mapped-net.fabricmc.yarn-1.16.5+build.6-v2.jar:?]
	at net.minecraft.client.MinecraftClient.startIntegratedServer(MinecraftClient.java:1730) ~[minecraft-1.16.5-mapped-net.fabricmc.yarn-1.16.5+build.6-v2.jar:?]
	at net.minecraft.client.MinecraftClient.startIntegratedServer(MinecraftClient.java:1698) ~[minecraft-1.16.5-mapped-net.fabricmc.yarn-1.16.5+build.6-v2.jar:?]
	at net.minecraft.client.gui.screen.world.WorldListWidget$Entry.start(WorldListWidget.java:477) ~[minecraft-1.16.5-mapped-net.fabricmc.yarn-1.16.5+build.6-v2.jar:?]
	at net.minecraft.client.gui.screen.world.WorldListWidget$Entry.play(WorldListWidget.java:326) ~[minecraft-1.16.5-mapped-net.fabricmc.yarn-1.16.5+build.6-v2.jar:?]
	at net.minecraft.client.gui.screen.world.WorldListWidget$Entry.mouseClicked(WorldListWidget.java:257) ~[minecraft-1.16.5-mapped-net.fabricmc.yarn-1.16.5+build.6-v2.jar:?]
	at net.minecraft.client.gui.widget.EntryListWidget.mouseClicked(EntryListWidget.java:310) ~[minecraft-1.16.5-mapped-net.fabricmc.yarn-1.16.5+build.6-v2.jar:?]
	at net.minecraft.client.gui.ParentElement.mouseClicked(ParentElement.java:49) ~[minecraft-1.16.5-mapped-net.fabricmc.yarn-1.16.5+build.6-v2.jar:?]
	at net.minecraft.client.Mouse.method_1611(Mouse.java:85) ~[minecraft-1.16.5-mapped-net.fabricmc.yarn-1.16.5+build.6-v2.jar:?]
	at net.minecraft.client.gui.screen.Screen.wrapScreenError(Screen.java:448) ~[minecraft-1.16.5-mapped-net.fabricmc.yarn-1.16.5+build.6-v2.jar:?]
	at net.minecraft.client.Mouse.onMouseButton(Mouse.java:85) ~[minecraft-1.16.5-mapped-net.fabricmc.yarn-1.16.5+build.6-v2.jar:?]
	at net.minecraft.client.Mouse.method_22686(Mouse.java:172) ~[minecraft-1.16.5-mapped-net.fabricmc.yarn-1.16.5+build.6-v2.jar:?]
	at net.minecraft.util.thread.ThreadExecutor.execute(ThreadExecutor.java:86) ~[minecraft-1.16.5-mapped-net.fabricmc.yarn-1.16.5+build.6-v2.jar:?]
	at net.minecraft.client.Mouse.method_22684(Mouse.java:172) ~[minecraft-1.16.5-mapped-net.fabricmc.yarn-1.16.5+build.6-v2.jar:?]
	at org.lwjgl.glfw.GLFWMouseButtonCallbackI.callback(GLFWMouseButtonCallbackI.java:36) [lwjgl-glfw-3.2.1.jar:build 12]
	at org.lwjgl.system.JNI.invokeV(Native Method) ~[lwjgl-3.2.1.jar:build 12]
	at org.lwjgl.glfw.GLFW.glfwPollEvents(GLFW.java:3050) [lwjgl-glfw-3.2.1.jar:build 12]
	at com.mojang.blaze3d.systems.RenderSystem.flipFrame(RenderSystem.java:89) [minecraft-1.16.5-mapped-net.fabricmc.yarn-1.16.5+build.6-v2.jar:?]
	at net.minecraft.client.util.Window.swapBuffers(Window.java:339) [minecraft-1.16.5-mapped-net.fabricmc.yarn-1.16.5+build.6-v2.jar:?]
	at net.minecraft.client.MinecraftClient.render(MinecraftClient.java:1026) [minecraft-1.16.5-mapped-net.fabricmc.yarn-1.16.5+build.6-v2.jar:?]
	at net.minecraft.client.MinecraftClient.run(MinecraftClient.java:624) [minecraft-1.16.5-mapped-net.fabricmc.yarn-1.16.5+build.6-v2.jar:?]
	at net.minecraft.client.main.Main.main(Main.java:187) [minecraft-1.16.5-mapped-net.fabricmc.yarn-1.16.5+build.6-v2.jar:?]
	at jdk.internal.reflect.NativeMethodAccessorImpl.invoke0(Native Method) ~[?:?]
	at jdk.internal.reflect.NativeMethodAccessorImpl.invoke(NativeMethodAccessorImpl.java:78) ~[?:?]
	at jdk.internal.reflect.DelegatingMethodAccessorImpl.invoke(DelegatingMethodAccessorImpl.java:43) ~[?:?]
	at java.lang.reflect.Method.invoke(Method.java:567) ~[?:?]
	at net.fabricmc.loader.game.MinecraftGameProvider.launch(MinecraftGameProvider.java:226) [fabric-loader-0.11.3.jar:?]
	at net.fabricmc.loader.launch.knot.Knot.launch(Knot.java:146) [fabric-loader-0.11.3.jar:?]
	at net.fabricmc.loader.launch.knot.KnotClient.main(KnotClient.java:28) [fabric-loader-0.11.3.jar:?]
	at net.fabricmc.devlaunchinjector.Main.main(Main.java:86) [dev-launch-injector-0.2.1+build.8.jar:?]
[16:14:06] [main/ERROR] (Minecraft) Parsing error loading recipe modded:vibranium_helmet
com.google.gson.JsonSyntaxException: Unknown item 'modded:vibranium_ingot'
	at net.minecraft.recipe.Ingredient.method_17873(Ingredient.java:195) ~[minecraft-1.16.5-mapped-net.fabricmc.yarn-1.16.5+build.6-v2.jar:?]
	at java.util.Optional.orElseThrow(Optional.java:403) ~[?:?]
	at net.minecraft.recipe.Ingredient.entryFromJson(Ingredient.java:195) ~[minecraft-1.16.5-mapped-net.fabricmc.yarn-1.16.5+build.6-v2.jar:?]
	at net.minecraft.recipe.Ingredient.fromJson(Ingredient.java:170) ~[minecraft-1.16.5-mapped-net.fabricmc.yarn-1.16.5+build.6-v2.jar:?]
	at net.minecraft.recipe.ShapedRecipe.getComponents(ShapedRecipe.java:236) ~[minecraft-1.16.5-mapped-net.fabricmc.yarn-1.16.5+build.6-v2.jar:?]
	at net.minecraft.recipe.ShapedRecipe.method_8159(ShapedRecipe.java:36) ~[minecraft-1.16.5-mapped-net.fabricmc.yarn-1.16.5+build.6-v2.jar:?]
	at net.minecraft.recipe.ShapedRecipe$Serializer.read(ShapedRecipe.java:259) ~[minecraft-1.16.5-mapped-net.fabricmc.yarn-1.16.5+build.6-v2.jar:?]
	at net.minecraft.recipe.ShapedRecipe$Serializer.read(ShapedRecipe.java:258) ~[minecraft-1.16.5-mapped-net.fabricmc.yarn-1.16.5+build.6-v2.jar:?]
	at net.minecraft.recipe.RecipeManager.deserialize(RecipeManager.java:137) ~[minecraft-1.16.5-mapped-net.fabricmc.yarn-1.16.5+build.6-v2.jar:?]
	at net.minecraft.recipe.RecipeManager.apply(RecipeManager.java:59) ~[minecraft-1.16.5-mapped-net.fabricmc.yarn-1.16.5+build.6-v2.jar:?]
	at net.minecraft.recipe.RecipeManager.apply(RecipeManager.java:46) ~[minecraft-1.16.5-mapped-net.fabricmc.yarn-1.16.5+build.6-v2.jar:?]
	at net.minecraft.resource.SinglePreparationResourceReloadListener.method_18790(SinglePreparationResourceReloadListener.java:13) ~[minecraft-1.16.5-mapped-net.fabricmc.yarn-1.16.5+build.6-v2.jar:?]
	at java.util.concurrent.CompletableFuture$UniAccept.tryFire(CompletableFuture.java:714) ~[?:?]
	at java.util.concurrent.CompletableFuture$Completion.run(CompletableFuture.java:478) ~[?:?]
	at net.minecraft.resource.ResourceReloader.method_18365(ResourceReloader.java:69) ~[minecraft-1.16.5-mapped-net.fabricmc.yarn-1.16.5+build.6-v2.jar:?]
	at net.minecraft.util.thread.ThreadExecutor.executeTask(ThreadExecutor.java:136) ~[minecraft-1.16.5-mapped-net.fabricmc.yarn-1.16.5+build.6-v2.jar:?]
	at net.minecraft.util.thread.ReentrantThreadExecutor.executeTask(ReentrantThreadExecutor.java:22) ~[minecraft-1.16.5-mapped-net.fabricmc.yarn-1.16.5+build.6-v2.jar:?]
	at net.minecraft.util.thread.ThreadExecutor.runTask(ThreadExecutor.java:109) ~[minecraft-1.16.5-mapped-net.fabricmc.yarn-1.16.5+build.6-v2.jar:?]
	at net.minecraft.util.thread.ThreadExecutor.runTasks(ThreadExecutor.java:119) ~[minecraft-1.16.5-mapped-net.fabricmc.yarn-1.16.5+build.6-v2.jar:?]
	at net.minecraft.client.MinecraftClient.method_29604(MinecraftClient.java:1895) ~[minecraft-1.16.5-mapped-net.fabricmc.yarn-1.16.5+build.6-v2.jar:?]
	at net.minecraft.client.MinecraftClient.startIntegratedServer(MinecraftClient.java:1730) ~[minecraft-1.16.5-mapped-net.fabricmc.yarn-1.16.5+build.6-v2.jar:?]
	at net.minecraft.client.MinecraftClient.startIntegratedServer(MinecraftClient.java:1698) ~[minecraft-1.16.5-mapped-net.fabricmc.yarn-1.16.5+build.6-v2.jar:?]
	at net.minecraft.client.gui.screen.world.WorldListWidget$Entry.start(WorldListWidget.java:477) ~[minecraft-1.16.5-mapped-net.fabricmc.yarn-1.16.5+build.6-v2.jar:?]
	at net.minecraft.client.gui.screen.world.WorldListWidget$Entry.play(WorldListWidget.java:326) ~[minecraft-1.16.5-mapped-net.fabricmc.yarn-1.16.5+build.6-v2.jar:?]
	at net.minecraft.client.gui.screen.world.WorldListWidget$Entry.mouseClicked(WorldListWidget.java:257) ~[minecraft-1.16.5-mapped-net.fabricmc.yarn-1.16.5+build.6-v2.jar:?]
	at net.minecraft.client.gui.widget.EntryListWidget.mouseClicked(EntryListWidget.java:310) ~[minecraft-1.16.5-mapped-net.fabricmc.yarn-1.16.5+build.6-v2.jar:?]
	at net.minecraft.client.gui.ParentElement.mouseClicked(ParentElement.java:49) ~[minecraft-1.16.5-mapped-net.fabricmc.yarn-1.16.5+build.6-v2.jar:?]
	at net.minecraft.client.Mouse.method_1611(Mouse.java:85) ~[minecraft-1.16.5-mapped-net.fabricmc.yarn-1.16.5+build.6-v2.jar:?]
	at net.minecraft.client.gui.screen.Screen.wrapScreenError(Screen.java:448) ~[minecraft-1.16.5-mapped-net.fabricmc.yarn-1.16.5+build.6-v2.jar:?]
	at net.minecraft.client.Mouse.onMouseButton(Mouse.java:85) ~[minecraft-1.16.5-mapped-net.fabricmc.yarn-1.16.5+build.6-v2.jar:?]
	at net.minecraft.client.Mouse.method_22686(Mouse.java:172) ~[minecraft-1.16.5-mapped-net.fabricmc.yarn-1.16.5+build.6-v2.jar:?]
	at net.minecraft.util.thread.ThreadExecutor.execute(ThreadExecutor.java:86) ~[minecraft-1.16.5-mapped-net.fabricmc.yarn-1.16.5+build.6-v2.jar:?]
	at net.minecraft.client.Mouse.method_22684(Mouse.java:172) ~[minecraft-1.16.5-mapped-net.fabricmc.yarn-1.16.5+build.6-v2.jar:?]
	at org.lwjgl.glfw.GLFWMouseButtonCallbackI.callback(GLFWMouseButtonCallbackI.java:36) [lwjgl-glfw-3.2.1.jar:build 12]
	at org.lwjgl.system.JNI.invokeV(Native Method) ~[lwjgl-3.2.1.jar:build 12]
	at org.lwjgl.glfw.GLFW.glfwPollEvents(GLFW.java:3050) [lwjgl-glfw-3.2.1.jar:build 12]
	at com.mojang.blaze3d.systems.RenderSystem.flipFrame(RenderSystem.java:89) [minecraft-1.16.5-mapped-net.fabricmc.yarn-1.16.5+build.6-v2.jar:?]
	at net.minecraft.client.util.Window.swapBuffers(Window.java:339) [minecraft-1.16.5-mapped-net.fabricmc.yarn-1.16.5+build.6-v2.jar:?]
	at net.minecraft.client.MinecraftClient.render(MinecraftClient.java:1026) [minecraft-1.16.5-mapped-net.fabricmc.yarn-1.16.5+build.6-v2.jar:?]
	at net.minecraft.client.MinecraftClient.run(MinecraftClient.java:624) [minecraft-1.16.5-mapped-net.fabricmc.yarn-1.16.5+build.6-v2.jar:?]
	at net.minecraft.client.main.Main.main(Main.java:187) [minecraft-1.16.5-mapped-net.fabricmc.yarn-1.16.5+build.6-v2.jar:?]
	at jdk.internal.reflect.NativeMethodAccessorImpl.invoke0(Native Method) ~[?:?]
	at jdk.internal.reflect.NativeMethodAccessorImpl.invoke(NativeMethodAccessorImpl.java:78) ~[?:?]
	at jdk.internal.reflect.DelegatingMethodAccessorImpl.invoke(DelegatingMethodAccessorImpl.java:43) ~[?:?]
	at java.lang.reflect.Method.invoke(Method.java:567) ~[?:?]
	at net.fabricmc.loader.game.MinecraftGameProvider.launch(MinecraftGameProvider.java:226) [fabric-loader-0.11.3.jar:?]
	at net.fabricmc.loader.launch.knot.Knot.launch(Knot.java:146) [fabric-loader-0.11.3.jar:?]
	at net.fabricmc.loader.launch.knot.KnotClient.main(KnotClient.java:28) [fabric-loader-0.11.3.jar:?]
	at net.fabricmc.devlaunchinjector.Main.main(Main.java:86) [dev-launch-injector-0.2.1+build.8.jar:?]
[16:14:06] [main/ERROR] (Minecraft) Parsing error loading recipe modded:vibranium_sword
com.google.gson.JsonSyntaxException: Unknown item 'modded:vibranium_ingot'
	at net.minecraft.recipe.Ingredient.method_17873(Ingredient.java:195) ~[minecraft-1.16.5-mapped-net.fabricmc.yarn-1.16.5+build.6-v2.jar:?]
	at java.util.Optional.orElseThrow(Optional.java:403) ~[?:?]
	at net.minecraft.recipe.Ingredient.entryFromJson(Ingredient.java:195) ~[minecraft-1.16.5-mapped-net.fabricmc.yarn-1.16.5+build.6-v2.jar:?]
	at net.minecraft.recipe.Ingredient.fromJson(Ingredient.java:170) ~[minecraft-1.16.5-mapped-net.fabricmc.yarn-1.16.5+build.6-v2.jar:?]
	at net.minecraft.recipe.ShapedRecipe.getComponents(ShapedRecipe.java:236) ~[minecraft-1.16.5-mapped-net.fabricmc.yarn-1.16.5+build.6-v2.jar:?]
	at net.minecraft.recipe.ShapedRecipe.method_8159(ShapedRecipe.java:36) ~[minecraft-1.16.5-mapped-net.fabricmc.yarn-1.16.5+build.6-v2.jar:?]
	at net.minecraft.recipe.ShapedRecipe$Serializer.read(ShapedRecipe.java:259) ~[minecraft-1.16.5-mapped-net.fabricmc.yarn-1.16.5+build.6-v2.jar:?]
	at net.minecraft.recipe.ShapedRecipe$Serializer.read(ShapedRecipe.java:258) ~[minecraft-1.16.5-mapped-net.fabricmc.yarn-1.16.5+build.6-v2.jar:?]
	at net.minecraft.recipe.RecipeManager.deserialize(RecipeManager.java:137) ~[minecraft-1.16.5-mapped-net.fabricmc.yarn-1.16.5+build.6-v2.jar:?]
	at net.minecraft.recipe.RecipeManager.apply(RecipeManager.java:59) ~[minecraft-1.16.5-mapped-net.fabricmc.yarn-1.16.5+build.6-v2.jar:?]
	at net.minecraft.recipe.RecipeManager.apply(RecipeManager.java:46) ~[minecraft-1.16.5-mapped-net.fabricmc.yarn-1.16.5+build.6-v2.jar:?]
	at net.minecraft.resource.SinglePreparationResourceReloadListener.method_18790(SinglePreparationResourceReloadListener.java:13) ~[minecraft-1.16.5-mapped-net.fabricmc.yarn-1.16.5+build.6-v2.jar:?]
	at java.util.concurrent.CompletableFuture$UniAccept.tryFire(CompletableFuture.java:714) ~[?:?]
	at java.util.concurrent.CompletableFuture$Completion.run(CompletableFuture.java:478) ~[?:?]
	at net.minecraft.resource.ResourceReloader.method_18365(ResourceReloader.java:69) ~[minecraft-1.16.5-mapped-net.fabricmc.yarn-1.16.5+build.6-v2.jar:?]
	at net.minecraft.util.thread.ThreadExecutor.executeTask(ThreadExecutor.java:136) ~[minecraft-1.16.5-mapped-net.fabricmc.yarn-1.16.5+build.6-v2.jar:?]
	at net.minecraft.util.thread.ReentrantThreadExecutor.executeTask(ReentrantThreadExecutor.java:22) ~[minecraft-1.16.5-mapped-net.fabricmc.yarn-1.16.5+build.6-v2.jar:?]
	at net.minecraft.util.thread.ThreadExecutor.runTask(ThreadExecutor.java:109) ~[minecraft-1.16.5-mapped-net.fabricmc.yarn-1.16.5+build.6-v2.jar:?]
	at net.minecraft.util.thread.ThreadExecutor.runTasks(ThreadExecutor.java:119) ~[minecraft-1.16.5-mapped-net.fabricmc.yarn-1.16.5+build.6-v2.jar:?]
	at net.minecraft.client.MinecraftClient.method_29604(MinecraftClient.java:1895) ~[minecraft-1.16.5-mapped-net.fabricmc.yarn-1.16.5+build.6-v2.jar:?]
	at net.minecraft.client.MinecraftClient.startIntegratedServer(MinecraftClient.java:1730) ~[minecraft-1.16.5-mapped-net.fabricmc.yarn-1.16.5+build.6-v2.jar:?]
	at net.minecraft.client.MinecraftClient.startIntegratedServer(MinecraftClient.java:1698) ~[minecraft-1.16.5-mapped-net.fabricmc.yarn-1.16.5+build.6-v2.jar:?]
	at net.minecraft.client.gui.screen.world.WorldListWidget$Entry.start(WorldListWidget.java:477) ~[minecraft-1.16.5-mapped-net.fabricmc.yarn-1.16.5+build.6-v2.jar:?]
	at net.minecraft.client.gui.screen.world.WorldListWidget$Entry.play(WorldListWidget.java:326) ~[minecraft-1.16.5-mapped-net.fabricmc.yarn-1.16.5+build.6-v2.jar:?]
	at net.minecraft.client.gui.screen.world.WorldListWidget$Entry.mouseClicked(WorldListWidget.java:257) ~[minecraft-1.16.5-mapped-net.fabricmc.yarn-1.16.5+build.6-v2.jar:?]
	at net.minecraft.client.gui.widget.EntryListWidget.mouseClicked(EntryListWidget.java:310) ~[minecraft-1.16.5-mapped-net.fabricmc.yarn-1.16.5+build.6-v2.jar:?]
	at net.minecraft.client.gui.ParentElement.mouseClicked(ParentElement.java:49) ~[minecraft-1.16.5-mapped-net.fabricmc.yarn-1.16.5+build.6-v2.jar:?]
	at net.minecraft.client.Mouse.method_1611(Mouse.java:85) ~[minecraft-1.16.5-mapped-net.fabricmc.yarn-1.16.5+build.6-v2.jar:?]
	at net.minecraft.client.gui.screen.Screen.wrapScreenError(Screen.java:448) ~[minecraft-1.16.5-mapped-net.fabricmc.yarn-1.16.5+build.6-v2.jar:?]
	at net.minecraft.client.Mouse.onMouseButton(Mouse.java:85) ~[minecraft-1.16.5-mapped-net.fabricmc.yarn-1.16.5+build.6-v2.jar:?]
	at net.minecraft.client.Mouse.method_22686(Mouse.java:172) ~[minecraft-1.16.5-mapped-net.fabricmc.yarn-1.16.5+build.6-v2.jar:?]
	at net.minecraft.util.thread.ThreadExecutor.execute(ThreadExecutor.java:86) ~[minecraft-1.16.5-mapped-net.fabricmc.yarn-1.16.5+build.6-v2.jar:?]
	at net.minecraft.client.Mouse.method_22684(Mouse.java:172) ~[minecraft-1.16.5-mapped-net.fabricmc.yarn-1.16.5+build.6-v2.jar:?]
	at org.lwjgl.glfw.GLFWMouseButtonCallbackI.callback(GLFWMouseButtonCallbackI.java:36) [lwjgl-glfw-3.2.1.jar:build 12]
	at org.lwjgl.system.JNI.invokeV(Native Method) ~[lwjgl-3.2.1.jar:build 12]
	at org.lwjgl.glfw.GLFW.glfwPollEvents(GLFW.java:3050) [lwjgl-glfw-3.2.1.jar:build 12]
	at com.mojang.blaze3d.systems.RenderSystem.flipFrame(RenderSystem.java:89) [minecraft-1.16.5-mapped-net.fabricmc.yarn-1.16.5+build.6-v2.jar:?]
	at net.minecraft.client.util.Window.swapBuffers(Window.java:339) [minecraft-1.16.5-mapped-net.fabricmc.yarn-1.16.5+build.6-v2.jar:?]
	at net.minecraft.client.MinecraftClient.render(MinecraftClient.java:1026) [minecraft-1.16.5-mapped-net.fabricmc.yarn-1.16.5+build.6-v2.jar:?]
	at net.minecraft.client.MinecraftClient.run(MinecraftClient.java:624) [minecraft-1.16.5-mapped-net.fabricmc.yarn-1.16.5+build.6-v2.jar:?]
	at net.minecraft.client.main.Main.main(Main.java:187) [minecraft-1.16.5-mapped-net.fabricmc.yarn-1.16.5+build.6-v2.jar:?]
	at jdk.internal.reflect.NativeMethodAccessorImpl.invoke0(Native Method) ~[?:?]
	at jdk.internal.reflect.NativeMethodAccessorImpl.invoke(NativeMethodAccessorImpl.java:78) ~[?:?]
	at jdk.internal.reflect.DelegatingMethodAccessorImpl.invoke(DelegatingMethodAccessorImpl.java:43) ~[?:?]
	at java.lang.reflect.Method.invoke(Method.java:567) ~[?:?]
	at net.fabricmc.loader.game.MinecraftGameProvider.launch(MinecraftGameProvider.java:226) [fabric-loader-0.11.3.jar:?]
	at net.fabricmc.loader.launch.knot.Knot.launch(Knot.java:146) [fabric-loader-0.11.3.jar:?]
	at net.fabricmc.loader.launch.knot.KnotClient.main(KnotClient.java:28) [fabric-loader-0.11.3.jar:?]
	at net.fabricmc.devlaunchinjector.Main.main(Main.java:86) [dev-launch-injector-0.2.1+build.8.jar:?]
[16:14:06] [main/ERROR] (Minecraft) Parsing error loading recipe modded:grappling_hook
com.google.gson.JsonSyntaxException: Unknown item 'modded:grappling_hook'
	at net.minecraft.recipe.ShapedRecipe.method_17878(ShapedRecipe.java:245) ~[minecraft-1.16.5-mapped-net.fabricmc.yarn-1.16.5+build.6-v2.jar:?]
	at java.util.Optional.orElseThrow(Optional.java:403) ~[?:?]
	at net.minecraft.recipe.ShapedRecipe.getItemStack(ShapedRecipe.java:245) ~[minecraft-1.16.5-mapped-net.fabricmc.yarn-1.16.5+build.6-v2.jar:?]
	at net.minecraft.recipe.ShapedRecipe$Serializer.read(ShapedRecipe.java:264) ~[minecraft-1.16.5-mapped-net.fabricmc.yarn-1.16.5+build.6-v2.jar:?]
	at net.minecraft.recipe.ShapedRecipe$Serializer.read(ShapedRecipe.java:258) ~[minecraft-1.16.5-mapped-net.fabricmc.yarn-1.16.5+build.6-v2.jar:?]
	at net.minecraft.recipe.RecipeManager.deserialize(RecipeManager.java:137) ~[minecraft-1.16.5-mapped-net.fabricmc.yarn-1.16.5+build.6-v2.jar:?]
	at net.minecraft.recipe.RecipeManager.apply(RecipeManager.java:59) ~[minecraft-1.16.5-mapped-net.fabricmc.yarn-1.16.5+build.6-v2.jar:?]
	at net.minecraft.recipe.RecipeManager.apply(RecipeManager.java:46) ~[minecraft-1.16.5-mapped-net.fabricmc.yarn-1.16.5+build.6-v2.jar:?]
	at net.minecraft.resource.SinglePreparationResourceReloadListener.method_18790(SinglePreparationResourceReloadListener.java:13) ~[minecraft-1.16.5-mapped-net.fabricmc.yarn-1.16.5+build.6-v2.jar:?]
	at java.util.concurrent.CompletableFuture$UniAccept.tryFire(CompletableFuture.java:714) ~[?:?]
	at java.util.concurrent.CompletableFuture$Completion.run(CompletableFuture.java:478) ~[?:?]
	at net.minecraft.resource.ResourceReloader.method_18365(ResourceReloader.java:69) ~[minecraft-1.16.5-mapped-net.fabricmc.yarn-1.16.5+build.6-v2.jar:?]
	at net.minecraft.util.thread.ThreadExecutor.executeTask(ThreadExecutor.java:136) ~[minecraft-1.16.5-mapped-net.fabricmc.yarn-1.16.5+build.6-v2.jar:?]
	at net.minecraft.util.thread.ReentrantThreadExecutor.executeTask(ReentrantThreadExecutor.java:22) ~[minecraft-1.16.5-mapped-net.fabricmc.yarn-1.16.5+build.6-v2.jar:?]
	at net.minecraft.util.thread.ThreadExecutor.runTask(ThreadExecutor.java:109) ~[minecraft-1.16.5-mapped-net.fabricmc.yarn-1.16.5+build.6-v2.jar:?]
	at net.minecraft.util.thread.ThreadExecutor.runTasks(ThreadExecutor.java:119) ~[minecraft-1.16.5-mapped-net.fabricmc.yarn-1.16.5+build.6-v2.jar:?]
	at net.minecraft.client.MinecraftClient.method_29604(MinecraftClient.java:1895) ~[minecraft-1.16.5-mapped-net.fabricmc.yarn-1.16.5+build.6-v2.jar:?]
	at net.minecraft.client.MinecraftClient.startIntegratedServer(MinecraftClient.java:1730) ~[minecraft-1.16.5-mapped-net.fabricmc.yarn-1.16.5+build.6-v2.jar:?]
	at net.minecraft.client.MinecraftClient.startIntegratedServer(MinecraftClient.java:1698) ~[minecraft-1.16.5-mapped-net.fabricmc.yarn-1.16.5+build.6-v2.jar:?]
	at net.minecraft.client.gui.screen.world.WorldListWidget$Entry.start(WorldListWidget.java:477) ~[minecraft-1.16.5-mapped-net.fabricmc.yarn-1.16.5+build.6-v2.jar:?]
	at net.minecraft.client.gui.screen.world.WorldListWidget$Entry.play(WorldListWidget.java:326) ~[minecraft-1.16.5-mapped-net.fabricmc.yarn-1.16.5+build.6-v2.jar:?]
	at net.minecraft.client.gui.screen.world.WorldListWidget$Entry.mouseClicked(WorldListWidget.java:257) ~[minecraft-1.16.5-mapped-net.fabricmc.yarn-1.16.5+build.6-v2.jar:?]
	at net.minecraft.client.gui.widget.EntryListWidget.mouseClicked(EntryListWidget.java:310) ~[minecraft-1.16.5-mapped-net.fabricmc.yarn-1.16.5+build.6-v2.jar:?]
	at net.minecraft.client.gui.ParentElement.mouseClicked(ParentElement.java:49) ~[minecraft-1.16.5-mapped-net.fabricmc.yarn-1.16.5+build.6-v2.jar:?]
	at net.minecraft.client.Mouse.method_1611(Mouse.java:85) ~[minecraft-1.16.5-mapped-net.fabricmc.yarn-1.16.5+build.6-v2.jar:?]
	at net.minecraft.client.gui.screen.Screen.wrapScreenError(Screen.java:448) ~[minecraft-1.16.5-mapped-net.fabricmc.yarn-1.16.5+build.6-v2.jar:?]
	at net.minecraft.client.Mouse.onMouseButton(Mouse.java:85) ~[minecraft-1.16.5-mapped-net.fabricmc.yarn-1.16.5+build.6-v2.jar:?]
	at net.minecraft.client.Mouse.method_22686(Mouse.java:172) ~[minecraft-1.16.5-mapped-net.fabricmc.yarn-1.16.5+build.6-v2.jar:?]
	at net.minecraft.util.thread.ThreadExecutor.execute(ThreadExecutor.java:86) ~[minecraft-1.16.5-mapped-net.fabricmc.yarn-1.16.5+build.6-v2.jar:?]
	at net.minecraft.client.Mouse.method_22684(Mouse.java:172) ~[minecraft-1.16.5-mapped-net.fabricmc.yarn-1.16.5+build.6-v2.jar:?]
	at org.lwjgl.glfw.GLFWMouseButtonCallbackI.callback(GLFWMouseButtonCallbackI.java:36) [lwjgl-glfw-3.2.1.jar:build 12]
	at org.lwjgl.system.JNI.invokeV(Native Method) ~[lwjgl-3.2.1.jar:build 12]
	at org.lwjgl.glfw.GLFW.glfwPollEvents(GLFW.java:3050) [lwjgl-glfw-3.2.1.jar:build 12]
	at com.mojang.blaze3d.systems.RenderSystem.flipFrame(RenderSystem.java:89) [minecraft-1.16.5-mapped-net.fabricmc.yarn-1.16.5+build.6-v2.jar:?]
	at net.minecraft.client.util.Window.swapBuffers(Window.java:339) [minecraft-1.16.5-mapped-net.fabricmc.yarn-1.16.5+build.6-v2.jar:?]
	at net.minecraft.client.MinecraftClient.render(MinecraftClient.java:1026) [minecraft-1.16.5-mapped-net.fabricmc.yarn-1.16.5+build.6-v2.jar:?]
	at net.minecraft.client.MinecraftClient.run(MinecraftClient.java:624) [minecraft-1.16.5-mapped-net.fabricmc.yarn-1.16.5+build.6-v2.jar:?]
	at net.minecraft.client.main.Main.main(Main.java:187) [minecraft-1.16.5-mapped-net.fabricmc.yarn-1.16.5+build.6-v2.jar:?]
	at jdk.internal.reflect.NativeMethodAccessorImpl.invoke0(Native Method) ~[?:?]
	at jdk.internal.reflect.NativeMethodAccessorImpl.invoke(NativeMethodAccessorImpl.java:78) ~[?:?]
	at jdk.internal.reflect.DelegatingMethodAccessorImpl.invoke(DelegatingMethodAccessorImpl.java:43) ~[?:?]
	at java.lang.reflect.Method.invoke(Method.java:567) ~[?:?]
	at net.fabricmc.loader.game.MinecraftGameProvider.launch(MinecraftGameProvider.java:226) [fabric-loader-0.11.3.jar:?]
	at net.fabricmc.loader.launch.knot.Knot.launch(Knot.java:146) [fabric-loader-0.11.3.jar:?]
	at net.fabricmc.loader.launch.knot.KnotClient.main(KnotClient.java:28) [fabric-loader-0.11.3.jar:?]
	at net.fabricmc.devlaunchinjector.Main.main(Main.java:86) [dev-launch-injector-0.2.1+build.8.jar:?]
[16:14:06] [main/INFO] (Minecraft) Loaded 7 recipes
[16:14:06] [main/ERROR] (Minecraft) Couldn't parse loot table modded:blocks/vibranium
com.google.gson.JsonSyntaxException: Expected name to be an item, was unknown string 'modded:vibranium'
	at net.minecraft.util.JsonHelper.method_17995(JsonHelper.java:84) ~[minecraft-1.16.5-mapped-net.fabricmc.yarn-1.16.5+build.6-v2.jar:?]
	at java.util.Optional.orElseThrow(Optional.java:403) ~[?:?]
	at net.minecraft.util.JsonHelper.asItem(JsonHelper.java:84) ~[minecraft-1.16.5-mapped-net.fabricmc.yarn-1.16.5+build.6-v2.jar:?]
	at net.minecraft.util.JsonHelper.getItem(JsonHelper.java:94) ~[minecraft-1.16.5-mapped-net.fabricmc.yarn-1.16.5+build.6-v2.jar:?]
	at net.minecraft.loot.entry.ItemEntry$Serializer.fromJson(ItemEntry.java:51) ~[minecraft-1.16.5-mapped-net.fabricmc.yarn-1.16.5+build.6-v2.jar:?]
	at net.minecraft.loot.entry.ItemEntry$Serializer.fromJson(ItemEntry.java:41) ~[minecraft-1.16.5-mapped-net.fabricmc.yarn-1.16.5+build.6-v2.jar:?]
	at net.minecraft.loot.entry.LeafEntry$Serializer.fromJson(LeafEntry.java:142) ~[minecraft-1.16.5-mapped-net.fabricmc.yarn-1.16.5+build.6-v2.jar:?]
	at net.minecraft.loot.entry.LeafEntry$Serializer.fromJson(LeafEntry.java:67) ~[minecraft-1.16.5-mapped-net.fabricmc.yarn-1.16.5+build.6-v2.jar:?]
	at net.minecraft.loot.entry.LootPoolEntry$Serializer.fromJson(LootPoolEntry.java:78) ~[minecraft-1.16.5-mapped-net.fabricmc.yarn-1.16.5+build.6-v2.jar:?]
	at net.minecraft.loot.entry.LootPoolEntry$Serializer.fromJson(LootPoolEntry.java:42) ~[minecraft-1.16.5-mapped-net.fabricmc.yarn-1.16.5+build.6-v2.jar:?]
	at net.minecraft.util.JsonSerializing$GsonSerializer.deserialize(JsonSerializing.java:50) ~[minecraft-1.16.5-mapped-net.fabricmc.yarn-1.16.5+build.6-v2.jar:?]
	at com.google.gson.internal.bind.TreeTypeAdapter.read(TreeTypeAdapter.java:69) ~[gson-2.8.0.jar:?]
	at com.google.gson.internal.bind.TypeAdapterRuntimeTypeWrapper.read(TypeAdapterRuntimeTypeWrapper.java:41) ~[gson-2.8.0.jar:?]
	at com.google.gson.internal.bind.ArrayTypeAdapter.read(ArrayTypeAdapter.java:72) ~[gson-2.8.0.jar:?]
	at com.google.gson.Gson.fromJson(Gson.java:887) ~[gson-2.8.0.jar:?]
	at com.google.gson.Gson.fromJson(Gson.java:952) ~[gson-2.8.0.jar:?]
	at com.google.gson.internal.bind.TreeTypeAdapter$GsonContextImpl.deserialize(TreeTypeAdapter.java:162) ~[gson-2.8.0.jar:?]
	at net.minecraft.util.JsonHelper.deserialize(JsonHelper.java:235) ~[minecraft-1.16.5-mapped-net.fabricmc.yarn-1.16.5+build.6-v2.jar:?]
	at net.minecraft.util.JsonHelper.deserialize(JsonHelper.java:243) ~[minecraft-1.16.5-mapped-net.fabricmc.yarn-1.16.5+build.6-v2.jar:?]
	at net.minecraft.loot.entry.CombinedEntry$1.fromJson(CombinedEntry.java:48) ~[minecraft-1.16.5-mapped-net.fabricmc.yarn-1.16.5+build.6-v2.jar:?]
	at net.minecraft.loot.entry.CombinedEntry$1.fromJson(CombinedEntry.java:42) ~[minecraft-1.16.5-mapped-net.fabricmc.yarn-1.16.5+build.6-v2.jar:?]
	at net.minecraft.loot.entry.LootPoolEntry$Serializer.fromJson(LootPoolEntry.java:78) ~[minecraft-1.16.5-mapped-net.fabricmc.yarn-1.16.5+build.6-v2.jar:?]
	at net.minecraft.loot.entry.LootPoolEntry$Serializer.fromJson(LootPoolEntry.java:42) ~[minecraft-1.16.5-mapped-net.fabricmc.yarn-1.16.5+build.6-v2.jar:?]
	at net.minecraft.util.JsonSerializing$GsonSerializer.deserialize(JsonSerializing.java:50) ~[minecraft-1.16.5-mapped-net.fabricmc.yarn-1.16.5+build.6-v2.jar:?]
	at com.google.gson.internal.bind.TreeTypeAdapter.read(TreeTypeAdapter.java:69) ~[gson-2.8.0.jar:?]
	at com.google.gson.internal.bind.TypeAdapterRuntimeTypeWrapper.read(TypeAdapterRuntimeTypeWrapper.java:41) ~[gson-2.8.0.jar:?]
	at com.google.gson.internal.bind.ArrayTypeAdapter.read(ArrayTypeAdapter.java:72) ~[gson-2.8.0.jar:?]
	at com.google.gson.Gson.fromJson(Gson.java:887) ~[gson-2.8.0.jar:?]
	at com.google.gson.Gson.fromJson(Gson.java:952) ~[gson-2.8.0.jar:?]
	at com.google.gson.internal.bind.TreeTypeAdapter$GsonContextImpl.deserialize(TreeTypeAdapter.java:162) ~[gson-2.8.0.jar:?]
	at net.minecraft.util.JsonHelper.deserialize(JsonHelper.java:235) ~[minecraft-1.16.5-mapped-net.fabricmc.yarn-1.16.5+build.6-v2.jar:?]
	at net.minecraft.util.JsonHelper.deserialize(JsonHelper.java:243) ~[minecraft-1.16.5-mapped-net.fabricmc.yarn-1.16.5+build.6-v2.jar:?]
	at net.minecraft.loot.LootPool$Serializer.deserialize(LootPool.java:129) ~[minecraft-1.16.5-mapped-net.fabricmc.yarn-1.16.5+build.6-v2.jar:?]
	at net.minecraft.loot.LootPool$Serializer.deserialize(LootPool.java:128) ~[minecraft-1.16.5-mapped-net.fabricmc.yarn-1.16.5+build.6-v2.jar:?]
	at com.google.gson.internal.bind.TreeTypeAdapter.read(TreeTypeAdapter.java:69) ~[gson-2.8.0.jar:?]
	at com.google.gson.internal.bind.TypeAdapterRuntimeTypeWrapper.read(TypeAdapterRuntimeTypeWrapper.java:41) ~[gson-2.8.0.jar:?]
	at com.google.gson.internal.bind.ArrayTypeAdapter.read(ArrayTypeAdapter.java:72) ~[gson-2.8.0.jar:?]
	at com.google.gson.Gson.fromJson(Gson.java:887) ~[gson-2.8.0.jar:?]
	at com.google.gson.Gson.fromJson(Gson.java:952) ~[gson-2.8.0.jar:?]
	at com.google.gson.internal.bind.TreeTypeAdapter$GsonContextImpl.deserialize(TreeTypeAdapter.java:162) ~[gson-2.8.0.jar:?]
	at net.minecraft.util.JsonHelper.deserialize(JsonHelper.java:235) ~[minecraft-1.16.5-mapped-net.fabricmc.yarn-1.16.5+build.6-v2.jar:?]
	at net.minecraft.util.JsonHelper.deserialize(JsonHelper.java:250) ~[minecraft-1.16.5-mapped-net.fabricmc.yarn-1.16.5+build.6-v2.jar:?]
	at net.minecraft.loot.LootTable$Serializer.deserialize(LootTable.java:194) ~[minecraft-1.16.5-mapped-net.fabricmc.yarn-1.16.5+build.6-v2.jar:?]
	at net.minecraft.loot.LootTable$Serializer.deserialize(LootTable.java:193) ~[minecraft-1.16.5-mapped-net.fabricmc.yarn-1.16.5+build.6-v2.jar:?]
	at com.google.gson.internal.bind.TreeTypeAdapter.read(TreeTypeAdapter.java:69) ~[gson-2.8.0.jar:?]
	at com.google.gson.Gson.fromJson(Gson.java:887) ~[gson-2.8.0.jar:?]
	at com.google.gson.Gson.fromJson(Gson.java:952) ~[gson-2.8.0.jar:?]
	at com.google.gson.Gson.fromJson(Gson.java:925) ~[gson-2.8.0.jar:?]
	at net.minecraft.loot.LootManager.method_20711(LootManager.java:44) ~[minecraft-1.16.5-mapped-net.fabricmc.yarn-1.16.5+build.6-v2.jar:?]
	at java.util.HashMap.forEach(HashMap.java:1425) ~[?:?]
	at net.minecraft.loot.LootManager.apply(LootManager.java:42) ~[minecraft-1.16.5-mapped-net.fabricmc.yarn-1.16.5+build.6-v2.jar:?]
	at net.minecraft.loot.LootManager.apply(LootManager.java:27) ~[minecraft-1.16.5-mapped-net.fabricmc.yarn-1.16.5+build.6-v2.jar:?]
	at net.minecraft.resource.SinglePreparationResourceReloadListener.method_18790(SinglePreparationResourceReloadListener.java:13) ~[minecraft-1.16.5-mapped-net.fabricmc.yarn-1.16.5+build.6-v2.jar:?]
	at java.util.concurrent.CompletableFuture$UniAccept.tryFire(CompletableFuture.java:714) ~[?:?]
	at java.util.concurrent.CompletableFuture$Completion.run(CompletableFuture.java:478) ~[?:?]
	at net.minecraft.resource.ResourceReloader.method_18365(ResourceReloader.java:69) ~[minecraft-1.16.5-mapped-net.fabricmc.yarn-1.16.5+build.6-v2.jar:?]
	at net.minecraft.util.thread.ThreadExecutor.executeTask(ThreadExecutor.java:136) ~[minecraft-1.16.5-mapped-net.fabricmc.yarn-1.16.5+build.6-v2.jar:?]
	at net.minecraft.util.thread.ReentrantThreadExecutor.executeTask(ReentrantThreadExecutor.java:22) ~[minecraft-1.16.5-mapped-net.fabricmc.yarn-1.16.5+build.6-v2.jar:?]
	at net.minecraft.util.thread.ThreadExecutor.runTask(ThreadExecutor.java:109) ~[minecraft-1.16.5-mapped-net.fabricmc.yarn-1.16.5+build.6-v2.jar:?]
	at net.minecraft.util.thread.ThreadExecutor.runTasks(ThreadExecutor.java:119) ~[minecraft-1.16.5-mapped-net.fabricmc.yarn-1.16.5+build.6-v2.jar:?]
	at net.minecraft.client.MinecraftClient.method_29604(MinecraftClient.java:1895) ~[minecraft-1.16.5-mapped-net.fabricmc.yarn-1.16.5+build.6-v2.jar:?]
	at net.minecraft.client.MinecraftClient.startIntegratedServer(MinecraftClient.java:1730) ~[minecraft-1.16.5-mapped-net.fabricmc.yarn-1.16.5+build.6-v2.jar:?]
	at net.minecraft.client.MinecraftClient.startIntegratedServer(MinecraftClient.java:1698) ~[minecraft-1.16.5-mapped-net.fabricmc.yarn-1.16.5+build.6-v2.jar:?]
	at net.minecraft.client.gui.screen.world.WorldListWidget$Entry.start(WorldListWidget.java:477) ~[minecraft-1.16.5-mapped-net.fabricmc.yarn-1.16.5+build.6-v2.jar:?]
	at net.minecraft.client.gui.screen.world.WorldListWidget$Entry.play(WorldListWidget.java:326) ~[minecraft-1.16.5-mapped-net.fabricmc.yarn-1.16.5+build.6-v2.jar:?]
	at net.minecraft.client.gui.screen.world.WorldListWidget$Entry.mouseClicked(WorldListWidget.java:257) ~[minecraft-1.16.5-mapped-net.fabricmc.yarn-1.16.5+build.6-v2.jar:?]
	at net.minecraft.client.gui.widget.EntryListWidget.mouseClicked(EntryListWidget.java:310) ~[minecraft-1.16.5-mapped-net.fabricmc.yarn-1.16.5+build.6-v2.jar:?]
	at net.minecraft.client.gui.ParentElement.mouseClicked(ParentElement.java:49) ~[minecraft-1.16.5-mapped-net.fabricmc.yarn-1.16.5+build.6-v2.jar:?]
	at net.minecraft.client.Mouse.method_1611(Mouse.java:85) ~[minecraft-1.16.5-mapped-net.fabricmc.yarn-1.16.5+build.6-v2.jar:?]
	at net.minecraft.client.gui.screen.Screen.wrapScreenError(Screen.java:448) ~[minecraft-1.16.5-mapped-net.fabricmc.yarn-1.16.5+build.6-v2.jar:?]
	at net.minecraft.client.Mouse.onMouseButton(Mouse.java:85) ~[minecraft-1.16.5-mapped-net.fabricmc.yarn-1.16.5+build.6-v2.jar:?]
	at net.minecraft.client.Mouse.method_22686(Mouse.java:172) ~[minecraft-1.16.5-mapped-net.fabricmc.yarn-1.16.5+build.6-v2.jar:?]
	at net.minecraft.util.thread.ThreadExecutor.execute(ThreadExecutor.java:86) ~[minecraft-1.16.5-mapped-net.fabricmc.yarn-1.16.5+build.6-v2.jar:?]
	at net.minecraft.client.Mouse.method_22684(Mouse.java:172) ~[minecraft-1.16.5-mapped-net.fabricmc.yarn-1.16.5+build.6-v2.jar:?]
	at org.lwjgl.glfw.GLFWMouseButtonCallbackI.callback(GLFWMouseButtonCallbackI.java:36) [lwjgl-glfw-3.2.1.jar:build 12]
	at org.lwjgl.system.JNI.invokeV(Native Method) ~[lwjgl-3.2.1.jar:build 12]
	at org.lwjgl.glfw.GLFW.glfwPollEvents(GLFW.java:3050) [lwjgl-glfw-3.2.1.jar:build 12]
	at com.mojang.blaze3d.systems.RenderSystem.flipFrame(RenderSystem.java:89) [minecraft-1.16.5-mapped-net.fabricmc.yarn-1.16.5+build.6-v2.jar:?]
	at net.minecraft.client.util.Window.swapBuffers(Window.java:339) [minecraft-1.16.5-mapped-net.fabricmc.yarn-1.16.5+build.6-v2.jar:?]
	at net.minecraft.client.MinecraftClient.render(MinecraftClient.java:1026) [minecraft-1.16.5-mapped-net.fabricmc.yarn-1.16.5+build.6-v2.jar:?]
	at net.minecraft.client.MinecraftClient.run(MinecraftClient.java:624) [minecraft-1.16.5-mapped-net.fabricmc.yarn-1.16.5+build.6-v2.jar:?]
	at net.minecraft.client.main.Main.main(Main.java:187) [minecraft-1.16.5-mapped-net.fabricmc.yarn-1.16.5+build.6-v2.jar:?]
	at jdk.internal.reflect.NativeMethodAccessorImpl.invoke0(Native Method) ~[?:?]
	at jdk.internal.reflect.NativeMethodAccessorImpl.invoke(NativeMethodAccessorImpl.java:78) ~[?:?]
	at jdk.internal.reflect.DelegatingMethodAccessorImpl.invoke(DelegatingMethodAccessorImpl.java:43) ~[?:?]
	at java.lang.reflect.Method.invoke(Method.java:567) ~[?:?]
	at net.fabricmc.loader.game.MinecraftGameProvider.launch(MinecraftGameProvider.java:226) [fabric-loader-0.11.3.jar:?]
	at net.fabricmc.loader.launch.knot.Knot.launch(Knot.java:146) [fabric-loader-0.11.3.jar:?]
	at net.fabricmc.loader.launch.knot.KnotClient.main(KnotClient.java:28) [fabric-loader-0.11.3.jar:?]
	at net.fabricmc.devlaunchinjector.Main.main(Main.java:86) [dev-launch-injector-0.2.1+build.8.jar:?]
[16:14:06] [main/INFO] (Minecraft) Loaded 927 advancements
[16:14:06] [main/INFO] (BiomeModificationImpl) Applied 68 biome modifications to 68 of 79 new biomes in 60.80 ms
[16:14:09] [main/INFO] (Minecraft) Environment: authHost='https://authserver.mojang.com', accountsHost='https://api.mojang.com', sessionHost='https://sessionserver.mojang.com', servicesHost='https://api.minecraftservices.com', name='PROD'
[16:14:09] [Server thread/INFO] (Minecraft) Starting integrated minecraft server version 1.16.5
[16:14:09] [Server thread/INFO] (Minecraft) Generating keypair
[16:14:10] [Server thread/INFO] (Minecraft) Preparing start region for dimension minecraft:overworld
[16:14:13] [main/INFO] (Minecraft) Preparing spawn area: 0%
[16:14:13] [main/INFO] (Minecraft) Preparing spawn area: 0%
[16:14:13] [main/INFO] (Minecraft) Preparing spawn area: 0%
[16:14:13] [main/INFO] (Minecraft) Preparing spawn area: 0%
[16:14:13] [main/INFO] (Minecraft) Preparing spawn area: 0%
[16:14:13] [main/INFO] (Minecraft) Preparing spawn area: 0%
[16:14:13] [main/INFO] (Minecraft) Preparing spawn area: 0%
[16:14:14] [main/INFO] (Minecraft) Preparing spawn area: 0%
[16:14:14] [main/INFO] (Minecraft) Preparing spawn area: 0%
[16:14:14] [main/INFO] (Minecraft) Preparing spawn area: 43%
[16:14:19] [main/INFO] (Minecraft) Time elapsed: 9569 ms
[16:14:20] [Server thread/INFO] (Minecraft) Changing view distance to 11, from 10
[16:14:22] [Server thread/INFO] (Minecraft) Player455[local:E:5f915d42] logged in with entity id 188 at (30.040967912080028, 69.0, 4.51742634125484)
[16:14:22] [Server thread/INFO] (Minecraft) Player455 joined the game
[16:14:23] [Server thread/WARN] (Minecraft) Can't keep up! Is the server overloaded? Running 2292ms or 45 ticks behind
[16:14:24] [Server thread/INFO] (Minecraft) Saving and pausing game...
[16:14:24] [Server thread/INFO] (Minecraft) Saving chunks for level 'ServerLevel[test#3]'/minecraft:overworld
[16:14:25] [main/INFO] (Minecraft) Loaded 0 advancements
[16:14:27] [Server thread/INFO] (Minecraft) Saving chunks for level 'ServerLevel[test#3]'/minecraft:the_nether
[16:14:27] [Server thread/INFO] (Minecraft) Saving chunks for level 'ServerLevel[test#3]'/minecraft:the_end
[16:14:46] [Server thread/WARN] (Minecraft) Can't keep up! Is the server overloaded? Running 8777ms or 175 ticks behind
[16:14:49] [Server thread/INFO] (Minecraft) [Player455: Set the time to 1000]
[16:14:49] [main/INFO] (Minecraft) [CHAT] Set the time to 1000
[16:15:08] [Server thread/INFO] (Minecraft) [Player455: Gave 1 [Hyperion] to Player455]
[16:15:08] [main/INFO] (Minecraft) [CHAT] Gave 1 [Hyperion] to Player455
[16:15:28] [main/INFO] (Minecraft) Loaded 14 advancements
[16:15:36] [main/INFO] (Minecraft) Loaded 21 advancements
[16:15:53] [Server thread/INFO] (Minecraft) [Player455: Summoned new Creeper]
[16:15:53] [main/INFO] (Minecraft) [CHAT] Summoned new Creeper
[16:15:54] [Server thread/INFO] (Minecraft) [Player455: Summoned new Creeper]
[16:15:54] [main/INFO] (Minecraft) [CHAT] Summoned new Creeper
[16:15:55] [Server thread/INFO] (Minecraft) [Player455: Summoned new Creeper]
[16:15:55] [main/INFO] (Minecraft) [CHAT] Summoned new Creeper
[16:15:55] [Server thread/INFO] (Minecraft) [Player455: Summoned new Creeper]
[16:15:55] [main/INFO] (Minecraft) [CHAT] Summoned new Creeper
[16:15:56] [Server thread/INFO] (Minecraft) [Player455: Summoned new Creeper]
[16:15:56] [main/INFO] (Minecraft) [CHAT] Summoned new Creeper
[16:15:57] [Server thread/INFO] (Minecraft) [Player455: Summoned new Creeper]
[16:15:57] [main/INFO] (Minecraft) [CHAT] Summoned new Creeper
[16:15:59] [Server thread/INFO] (Minecraft) Player455 has made the advancement [Monster Hunter]
[16:15:59] [main/INFO] (Minecraft) [CHAT] Player455 has made the advancement [Monster Hunter]
[16:15:59] [main/INFO] (Minecraft) Loaded 24 advancements
[16:16:18] [Server thread/INFO] (Minecraft) [Player455: Summoned new Wither]
[16:16:18] [main/INFO] (Minecraft) [CHAT] Summoned new Wither
[16:16:58] [main/INFO] (Minecraft) Loaded 24 advancements
[16:17:01] [main/INFO] (Minecraft) Loaded 25 advancements
[16:17:13] [main/INFO] (Minecraft) [CHAT] Summoned new Witch
[16:17:14] [Server thread/INFO] (Minecraft) [Player455: ]
[16:17:14] [Server thread/INFO] (Minecraft) [Player455: Summoned new Witch]
[16:17:14] [main/INFO] (Minecraft) [CHAT] Summoned new Witch
[16:17:15] [Server thread/INFO] (Minecraft) [Player455: Summoned new Witch]
[16:17:15] [main/INFO] (Minecraft) [CHAT] Summoned new Witch
[16:17:16] [Server thread/INFO] (Minecraft) [Player455: Summoned new Witch]
[16:17:16] [main/INFO] (Minecraft) [CHAT] Summoned new Witch
[16:17:16] [Server thread/INFO] (Minecraft) [Player455: Summoned new Witch]
[16:17:16] [main/INFO] (Minecraft) [CHAT] Summoned new Witch
[16:17:19] [main/INFO] (Minecraft) Loaded 25 advancements
[16:17:21] [main/INFO] (Minecraft) Loaded 34 advancements
[16:17:23] [main/INFO] (Minecraft) Loaded 42 advancements
[16:17:45] [Server thread/INFO] (Minecraft) [Player455: Summoned new Blaze]
[16:17:45] [main/INFO] (Minecraft) [CHAT] Summoned new Blaze
[16:17:46] [Server thread/INFO] (Minecraft) [Player455: Summoned new Blaze]
[16:17:46] [main/INFO] (Minecraft) [CHAT] Summoned new Blaze
[16:17:48] [main/INFO] (Minecraft) Loaded 42 advancements
[16:17:49] [Server thread/INFO] (Minecraft) Player455 has made the advancement [Into Fire]
[16:17:49] [main/INFO] (Minecraft) [CHAT] Player455 has made the advancement [Into Fire]
[16:17:49] [main/INFO] (Minecraft) Loaded 49 advancements
[16:17:58] [Server thread/INFO] (Minecraft) [Player455: Summoned new Elder Guardian]
[16:17:58] [main/INFO] (Minecraft) [CHAT] Summoned new Elder Guardian
[16:18:05] [main/INFO] (Minecraft) Loaded 49 advancements
[16:18:10] [main/INFO] (Minecraft) Loaded 49 advancements
[16:18:11] [main/INFO] (Minecraft) Loaded 52 advancements
[16:18:11] [main/INFO] (Minecraft) Loaded 53 advancements
[16:18:11] [main/INFO] (Minecraft) Loaded 55 advancements
[16:19:31] [main/INFO] (Minecraft) Stopping!
[16:19:32] [Server thread/INFO] (Minecraft) Player455 lost connection: Disconnected
[16:19:32] [Server thread/INFO] (Minecraft) Player455 left the game
[16:19:32] [Server thread/INFO] (Minecraft) Stopping singleplayer server as player logged out
[16:19:32] [Server thread/INFO] (Minecraft) Stopping server
[16:19:32] [Server thread/INFO] (Minecraft) Saving players
[16:19:32] [Server thread/INFO] (Minecraft) Saving worlds
[16:19:32] [Server thread/INFO] (Minecraft) Saving chunks for level 'ServerLevel[test#3]'/minecraft:overworld
[16:19:33] [Server thread/INFO] (Minecraft) ThreadedAnvilChunkStorage (test#3): All chunks are saved
[16:19:33] [Server thread/INFO] (Minecraft) Saving chunks for level 'ServerLevel[test#3]'/minecraft:the_nether
[16:19:34] [Server thread/INFO] (Minecraft) ThreadedAnvilChunkStorage (DIM-1): All chunks are saved
[16:19:34] [Server thread/INFO] (Minecraft) Saving chunks for level 'ServerLevel[test#3]'/minecraft:the_end
[16:19:34] [Server thread/INFO] (Minecraft) ThreadedAnvilChunkStorage (DIM1): All chunks are saved
[16:19:34] [Server thread/INFO] (Minecraft) ThreadedAnvilChunkStorage (test#3): All chunks are saved
[16:19:34] [Server thread/INFO] (Minecraft) ThreadedAnvilChunkStorage (DIM-1): All chunks are saved
[16:19:34] [Server thread/INFO] (Minecraft) ThreadedAnvilChunkStorage (DIM1): All chunks are saved
